nilly dropped a Thousand Shot
nilly dropped a Thousand Shot
nilly dropped a Thousand Shot
nilly dropped a Thousand Shot
nilly dropped a Thousand Shot
nilly dropped a Thousand Shot
nilly dropped a Thousand Shot
nilly dropped a Thousand Shot
jit dropped a Gold Medal
jit dropped a Gold Medal
nilly dropped a Bronze Medal
nilly dropped a Spell of the Eternal Void
nilly dropped a Ring of Exalted Defense
nilly dropped a Ring of Exalted Defense
nilly dropped a Ring of Exalted Defense
nilly dropped a Ring of Exalted Defense
nilly dropped a Ring of Exalted Defense
nilly dropped a Disco Lights (Soulbound)
nilly dropped a Thousand Shot
nilly dropped a Thousand Shot
nilly dropped a Staff of Unbound Prejudice
