nilly gave themselves 1 bahama sunrise
nilly gave themselves 1 thousand shot
nilly gave themselves 1 dagger of the mallard king
nilly gave themselves 1 thousand shot
nilly gave themselves 1 bahama sunrise
nilly gave themselves 1 strike amulet
nilly gave themselves 1 ancient stone sword
nilly gave themselves 1 bahama sunrise
nilly gave themselves 1 strike amulet
nilly gave themselves 1 ancient stone sword
nilly gave themselves 1 sword of majesty
nilly gave themselves 1 developer staff
nilly tried to give themselves 1 developer staff
nilly gave themselves 1 proph's bow of the frozen winds
nilly tried to give themselves 1 proph's bow of the frozen winds
nilly gave themselves 1 doom bow
nilly tried to give themselves 1 doom bow
nilly gave themselves 1 doom bow
nilly tried to give themselves 1 doom bow
nilly gave themselves 1 developer staff
nilly tried to give themselves 1 developer staff
nilly gave themselves 1 staff of unbound prejudice
nilly tried to give themselves 1 staff of unbound prejudice
nilly gave themselves 1 developer staff
nilly tried to give themselves 1 developer staff
nilly gave themselves 1 developer staff
nilly tried to give themselves 1 developer staff
nilly gave themselves 1 developer staff
nilly tried to give themselves 1 developer staff
