nilly spawned 100 zombies
nilly spawned 20 zombies
nilly spawned 20 zombies
nilly spawned 100 zombies
nilly spawned 100 zombies
nilly spawned 100 zombies
nilly spawned 30 zombies
nilly spawned 30 zombies
nilly spawned 30 zombies
nilly spawned 50 zombies
nilly spawned 40 zombies
nilly spawned 40 zombies
nilly spawned 40 zombies
nilly spawned 40 zombies
nilly spawned 40 zombies
nilly spawned 5 knight of the voids
nilly spawned 50 zombies
nilly spawned 50 zombies
nilly spawned 15 zombies
nilly spawned 40 zombies
nilly spawned 50 zombies
nilly spawned 50 zombies
nilly spawned 50 zombies
nilly spawned 50 zombies
nilly spawned 50 zombies
nilly spawned 50 zombies
nilly spawned a wine cellar portal
nilly spawned 100 zombies
nilly spawned a zombie
nilly spawned a zombie
nilly spawned a zombie
nilly spawned a zombie
nilly spawned a zombie
nilly spawned 100 zombies
nilly spawned 300 zombies
nilly spawned 100 zombies
nilly spawned 100 zombies
nilly spawned 100 zombies
nilly spawned 100 zombies
nilly spawned 100 zombies
nilly spawned a zombie
nilly spawned 25 zombies
nilly spawned 25 zombies
nilly spawned 300 zombies
nilly spawned 300 zombies
nilly spawned a zombie
nilly spawned 100 zombies
notNilly spawned 3 slime gods
notNilly spawned 5 slime gods
notNilly spawned a oryx the mad god 2
notNilly spawned 100 zombies
notNilly spawned 100 zombies
notNilly spawned 100 zombies
notNilly spawned 100 zombies
notNilly spawned 100 zombies
notNilly spawned 100 zombies
notNilly spawned 100 zombies
notNilly spawned 100 zombies
notNilly spawned 100 zombies
notNilly spawned 100 zombies
notNilly spawned 100 zombies
notNilly spawned 100 zombies
notNilly spawned 100 zombies
notNilly spawned 100 zombies
notNilly spawned a zombie
